{"message":"Unauthorized request to path: /","level":"error"}
{"message":"Unauthorized request to path: /","level":"error"}
{"message":"Unauthorized request to path: /","level":"error"}
{"message":"Unauthorized request to path: /","level":"error"}
{"message":"Card with id 5 not found.","level":"error"}
{"message":"Card with id 1 not found.","level":"error"}
{"message":"Card with id 1 not found.","level":"error"}
{"message":"List with id 8 not found","level":"error"}
{"message":"Card with id 7ebc885f-3ade-421e-b721-79378915e058 created","level":"info"}
{"message":"Card with id b202fd14-6e83-4406-8be7-4124a56d61fc created","level":"info"}
{"message":"Card with id 1d8ffd81-a41e-4e12-af80-9a7cd719d244 created","level":"info"}
{"message":"Card with id b47bbd24-c503-4bcd-887c-13c208001d3d created","level":"info"}
{"message":"Unauthorized request to path: /","level":"error"}
{"message":"Unauthorized request to path: /","level":"error"}
{"message":"List with id 2106f98e-bb65-41d8-9d92-b6b11c95b998 created","level":"info"}
{"message":"List with id b8ac5c84-3cb7-472d-8801-c7fd30ec4f50 created","level":"info"}
{"message":"Card with id 1 deleted.","level":"info"}
{"message":"Card with id 1 not found.","level":"error"}
{"message":"Card with id 2 deleted.","level":"info"}
{"message":"List with id 1 deleted.","level":"info"}
{"message":"Unauthorized request to path: /","level":"error"}
{"message":"Card with id 2a7fb7da-714c-4046-8231-e34c3c39e8a6 created","level":"info"}
{"message":"Card with id 2 deleted.","level":"info"}
{"message":"List with id 1 deleted.","level":"info"}
{"message":"List with id d0069c0f-3261-4fe3-ba51-1f44d83df7b3 created","level":"info"}
{"message":"List with id 1 not found","level":"error"}
{"message":"Card with id 2eb7cdef-a6a4-4915-af3f-fc952b3781e4 created","level":"info"}
{"message":"Card with id 2 deleted.","level":"info"}
{"message":"List with id 1 deleted.","level":"info"}
{"message":"List with id 1d6f6cc2-2da9-4c8e-8acc-dc486f468f5d created","level":"info"}
{"message":"List with id 1 not found","level":"error"}
{"message":"List with id 1 not found","level":"error"}
{"message":"Card with id 49450943-398d-4e48-b7f3-8126e293cd34 created","level":"info"}
{"message":"Card with id 2 deleted.","level":"info"}
{"message":"List with id 10b2fd18-9c0a-4e4a-aa75-c9cf9199a0a9 created","level":"info"}
{"message":"List with id 1 deleted.","level":"info"}
{"message":"Card with id 2fe779ec-0a43-4b5a-b4f9-c8f8cd5922d9 created","level":"info"}
{"message":"List with id c0ba6fbe-9f73-4240-a1b8-f327460cee01 created","level":"info"}
{"message":"List with id 1 deleted.","level":"info"}
{"message":"Card with id c4128f84-a1aa-4cdc-88d5-9911486cd5ca created","level":"info"}
{"message":"List with id 9bfa9a32-f2a5-4dda-a879-a2e005aad21a created","level":"info"}
{"message":"List with id 1 deleted.","level":"info"}
{"message":"Card with id fc4f9672-6bb0-4740-b77b-da6b5d90daa7 created","level":"info"}
{"message":"List with id 1 not found","level":"error"}
{"message":"List with id 9c3f1801-5b4f-40b8-9593-d4dbee00c5e1 created","level":"info"}
{"message":"List with id 1 not found.","level":"error"}
{"message":"Card with id 2 deleted.","level":"info"}
{"message":"Card with id 12a261e7-e0f8-4753-a07f-888233103a1c created","level":"info"}
{"message":"Card with id 2 deleted.","level":"info"}
{"message":"List with id 1f4415c2-5773-4b2e-8e23-163e3c1187d2 created","level":"info"}
{"message":"List with id 1 deleted.","level":"info"}
